<?xml version="1.0" encoding="UTF-8"?>
<!-- Generated by org.testng.reporters.JUnitReportReporter -->
<testsuite hostname="FFE-Shon-Antony-FFE252" failures="0" tests="1" name="test.test101" time="5.155" errors="0" timestamp="2024-03-21T11:53:24 IST" skipped="0">
  <testcase classname="test.test101" name="login" time="5.155"/>
  <system-out/>
</testsuite> <!-- test.test101 -->
