<?xml version="1.0" encoding="UTF-8"?>
<!-- Generated by org.testng.reporters.JUnitReportReporter -->
<testsuite hostname="FFE-Shon-Antony-FFE252" failures="0" tests="2" name="test.Test101" time="8.492" errors="0" timestamp="2024-03-28T18:15:19 IST" skipped="0">
  <testcase classname="test.Test101" name="login" time="3.638"/>
  <system-out/>
  <testcase classname="test.Test101" name="register" time="4.854"/>
  <system-out/>
</testsuite> <!-- test.Test101 -->
