<?xml version="1.0" encoding="UTF-8"?>
<!-- Generated by org.testng.reporters.JUnitReportReporter -->
<testsuite hostname="FFE-Shon-Antony-FFE252" failures="0" tests="1" name="test.ListnerTest" time="0.092" errors="0" timestamp="2024-03-20T18:56:39 IST" skipped="0">
  <testcase classname="test.ListnerTest" name="test1" time="0.092"/>
  <system-out/>
</testsuite> <!-- test.ListnerTest -->
