<?xml version="1.0" encoding="UTF-8"?>
<!-- Generated by org.testng.reporters.JUnitReportReporter -->
<testsuite hostname="FFE-Shon-Antony-FFE252" failures="0" tests="2" name="test.Test101" time="9.058" errors="0" timestamp="2024-03-28T15:22:59 IST" skipped="0">
  <testcase classname="test.Test101" name="login" time="3.870"/>
  <system-out/>
  <testcase classname="test.Test101" name="register" time="5.188"/>
  <system-out/>
</testsuite> <!-- test.Test101 -->
